<?xml version="1.0" encoding="UTF-8"?>
<Site BuildName="Linux-cc"
	BuildStamp="20250204-1537-Experimental"
	Name="ford"
	Generator="ctest-3.30.5"
	CompilerName=""
	CompilerVersion=""
	OSName="Linux"
	Hostname="fassbinder"
	OSRelease="6.1.0-30-amd64"
	OSVersion="#1 SMP PREEMPT_DYNAMIC Debian 6.1.124-1 (2025-01-12)"
	OSPlatform="x86_64"
	Is64Bits="1"
	VendorString="GenuineIntel"
	VendorID="Intel Corporation"
	FamilyID="6"
	ModelID="183"
	ProcessorCacheSize="36864"
	NumberOfLogicalCPU="32"
	NumberOfPhysicalCPU="24"
	TotalVirtualMemory="39070"
	TotalPhysicalMemory="63987"
	LogicalProcessorsPerPhysical="1"
	ProcessorClockFrequency="1225.14"
	>
	<DynamicAnalysis Checker="Valgrind">
		<StartDateTime>Feb 04 16:57 CET</StartDateTime>
		<StartTestTime>1738684669</StartTestTime>
		<TestList>
			<Test>./test_qxie_dummy</Test>
			<Test>./test_awniang_dummy</Test>
			<Test>./test_famseye_dummy</Test>
			<Test>./test_famseye_play_move</Test>
			<Test>./test_famseye_get_piece_orientation</Test>
			<Test>./test_famseye_get_piece_shape</Test>
			<Test>./test_famseye_game_reset_orientation</Test>
			<Test>./test_famseye_game_shuffle_orientation</Test>
			<Test>./test_famseye_game_won</Test>
			<Test>./test_famseye_game_is_connected</Test>
			<Test>./test_famseye_game_is_well_paired</Test>
			<Test>./test_game_nb_rows</Test>
			<Test>./test_game_new_empty_ext</Test>
			<Test>./test_game_new_ext</Test>
			<Test>./test_awniang_game_new_empty</Test>
			<Test>./test_awniang_game_new</Test>
			<Test>./test_awniang_game_equal</Test>
			<Test>./test_awniang_game_delete</Test>
			<Test>./test_awniang_game_set_piece_shape</Test>
			<Test>./test_awniang_game_set_piece_orientation</Test>
			<Test>./test_awniang_game_copy</Test>
			<Test>./test_awniang_game_nb_cols</Test>
			<Test>./test_awniang_game_is_wrapping</Test>
			<Test>./test_awniang_game_load</Test>
			<Test>./test_awniang_game_save</Test>
			<Test>./test_qxie_game_default</Test>
			<Test>./test_qxie_game_default_solution</Test>
			<Test>./test_qxie_game_get_ajacent_square</Test>
			<Test>./test_qxie_game_get_ajacent_square_ext</Test>
			<Test>./test_qxie_game_has_half_edge</Test>
			<Test>./test_qxie_game_has_half_edge_ext</Test>
			<Test>./test_qxie_game_check_edge</Test>
			<Test>./test_qxie_game_check_edge_ext</Test>
			<Test>./test_qxie_game_is_well_paired</Test>
			<Test>./test_qxie_game_is_well_paired_ext</Test>
			<Test>./test_qxie_game_print</Test>
			<Test>./test_qxie_game_undo</Test>
			<Test>./test_qxie_game_redo</Test>
		</TestList>
		<DefectList/>
		<EndDateTime>Feb 04 16:58 CET</EndDateTime>
		<EndTestTime>1738684682</EndTestTime>
		<ElapsedMinutes>0</ElapsedMinutes>
	</DynamicAnalysis>
</Site>
